TN:
SF:server\utils\index.js
FN:3,(anonymous_0)
FN:16,spliceOne
FN:23,(anonymous_2)
FN:27,(anonymous_3)
FN:31,(anonymous_4)
FNF:5
FNH:1
FNDA:0,(anonymous_0)
FNDA:0,spliceOne
FNDA:1,(anonymous_2)
FNDA:0,(anonymous_3)
FNDA:0,(anonymous_4)
DA:1,1
DA:3,1
DA:4,0
DA:16,1
DA:17,0
DA:18,0
DA:20,0
DA:23,1
DA:24,1
DA:27,1
DA:28,0
DA:31,1
DA:32,0
DA:33,0
DA:34,0
LF:15
LH:7
BRDA:24,0,0,0
BRDA:24,0,1,1
BRDA:32,1,0,0
BRDA:32,1,1,0
BRDA:33,2,0,0
BRDA:33,2,1,0
BRDA:33,3,0,0
BRDA:33,3,1,0
BRF:8
BRH:1
end_of_record
